<?xml version="1.0" encoding="UTF-8"?>
<!-- Generated by org.testng.reporters.JUnitReportReporter -->
<testsuite hostname="CSCO-W-PF2S4J2F" failures="0" tests="2" name="TestCumber.NewTest" time="28.873" errors="0" timestamp="2023-01-26T20:33:59 IST" skipped="0">
  <testcase classname="TestCumber.NewTest" name="runScenario" time="14.589"/>
  <system-out/>
  <testcase classname="TestCumber.NewTest" name="runScenario" time="14.284"/>
  <system-out/>
</testsuite> <!-- TestCumber.NewTest -->
