<?xml version="1.0" encoding="UTF-8"?>
<!-- Generated by org.testng.reporters.JUnitReportReporter -->
<testsuite hostname="CSCO-W-PF2S4J2F" failures="0" tests="1" name="order.Delivery" time="6.935" errors="0" timestamp="20 Jan 2023 04:44:11 GMT">
  <testcase classname="order.Delivery" name="f" time="6.935"/>
</testsuite> <!-- order.Delivery -->
